This is pdfTeX, Version 3.141592653-2.6-1.40.22 (TeX Live 2021) (preloaded format=pdflatex 2022.4.3)  18 MAY 2022 20:12
entering extended mode
 restricted \write18 enabled.
 file:line:error style messages enabled.
 %&-line parsing enabled.
**/Users/mateusztofil/Documents/meta/Metaheuristic-1/l1/spr2.tex
(/Users/mateusztofil/Documents/meta/Metaheuristic-1/l1/spr2.tex
LaTeX2e <2020-10-01> patch level 4
L3 programming layer <2021-02-18> (/usr/local/texlive/2021/texmf-dist/tex/latex/base/article.cls
Document Class: article 2020/04/10 v1.4m Standard LaTeX document class
(/usr/local/texlive/2021/texmf-dist/tex/latex/base/size10.clo
File: size10.clo 2020/04/10 v1.4m Standard LaTeX file (size option)
)
\c@part=\count179
\c@section=\count180
\c@subsection=\count181
\c@subsubsection=\count182
\c@paragraph=\count183
\c@subparagraph=\count184
\c@figure=\count185
\c@table=\count186
\abovecaptionskip=\skip47
\belowcaptionskip=\skip48
\bibindent=\dimen138
) (/usr/local/texlive/2021/texmf-dist/tex/generic/babel/babel.sty
Package: babel 2021/03/24 3.56 The Babel package
 (/usr/local/texlive/2021/texmf-dist/tex/generic/babel/babel.def
File: babel.def 2021/03/24 3.56 Babel common definitions
\babel@savecnt=\count187
\U@D=\dimen139
\l@babelnohyphens=\language87
 (/usr/local/texlive/2021/texmf-dist/tex/generic/babel/txtbabel.def)
\bbl@readstream=\read2
)
\bbl@dirlevel=\count188
 (/usr/local/texlive/2021/texmf-dist/tex/generic/babel-polish/polish.ldf
Language: polish 2005/03/31 v1.2l Polish support from the babel system
Package babel Info: Making " an active character on input line 83.
\pl@left=\dimen140
\pl@down=\dimen141
\pl@right=\dimen142
\pl@temp=\dimen143
)) (/usr/local/texlive/2021/texmf-dist/tex/latex/base/fontenc.sty
Package: fontenc 2020/08/10 v2.0s Standard LaTeX package
) (/usr/local/texlive/2021/texmf-dist/tex/latex/tools/tabularx.sty
Package: tabularx 2020/01/15 v2.11c `tabularx' package (DPC)
 (/usr/local/texlive/2021/texmf-dist/tex/latex/tools/array.sty
Package: array 2020/10/01 v2.5c Tabular extension package (FMi)
\col@sep=\dimen144
\ar@mcellbox=\box47
\extrarowheight=\dimen145
\NC@list=\toks15
\extratabsurround=\skip49
\backup@length=\skip50
\ar@cellbox=\box48
)
\TX@col@width=\dimen146
\TX@old@table=\dimen147
\TX@old@col=\dimen148
\TX@target=\dimen149
\TX@delta=\dimen150
\TX@cols=\count189
\TX@ftn=\toks16
) (/usr/local/texlive/2021/texmf-dist/tex/latex/amsfonts/amsfonts.sty
Package: amsfonts 2013/01/14 v3.01 Basic AMSFonts support
\@emptytoks=\toks17
\symAMSa=\mathgroup4
\symAMSb=\mathgroup5
LaTeX Font Info:    Redeclaring math symbol \hbar on input line 98.
LaTeX Font Info:    Overwriting math alphabet `\mathfrak' in version `bold'
(Font)                  U/euf/m/n --> U/euf/b/n on input line 106.
) (/usr/local/texlive/2021/texmf-dist/tex/latex/amsmath/amsmath.sty
Package: amsmath 2020/09/23 v2.17i AMS math features
\@mathmargin=\skip51

For additional information on amsmath, use the `?' option.
(/usr/local/texlive/2021/texmf-dist/tex/latex/amsmath/amstext.sty
Package: amstext 2000/06/29 v2.01 AMS text
 (/usr/local/texlive/2021/texmf-dist/tex/latex/amsmath/amsgen.sty
File: amsgen.sty 1999/11/30 v2.0 generic functions
\@emptytoks=\toks18
\ex@=\dimen151
)) (/usr/local/texlive/2021/texmf-dist/tex/latex/amsmath/amsbsy.sty
Package: amsbsy 1999/11/29 v1.2d Bold Symbols
\pmbraise@=\dimen152
) (/usr/local/texlive/2021/texmf-dist/tex/latex/amsmath/amsopn.sty
Package: amsopn 2016/03/08 v2.02 operator names
)
\inf@bad=\count190
LaTeX Info: Redefining \frac on input line 234.
\uproot@=\count191
\leftroot@=\count192
LaTeX Info: Redefining \overline on input line 399.
\classnum@=\count193
\DOTSCASE@=\count194
LaTeX Info: Redefining \ldots on input line 496.
LaTeX Info: Redefining \dots on input line 499.
LaTeX Info: Redefining \cdots on input line 620.
\Mathstrutbox@=\box49
\strutbox@=\box50
\big@size=\dimen153
LaTeX Font Info:    Redeclaring font encoding OML on input line 743.
LaTeX Font Info:    Redeclaring font encoding OMS on input line 744.
\macc@depth=\count195
\c@MaxMatrixCols=\count196
\dotsspace@=\muskip16
\c@parentequation=\count197
\dspbrk@lvl=\count198
\tag@help=\toks19
\row@=\count199
\column@=\count266
\maxfields@=\count267
\andhelp@=\toks20
\eqnshift@=\dimen154
\alignsep@=\dimen155
\tagshift@=\dimen156
\tagwidth@=\dimen157
\totwidth@=\dimen158
\lineht@=\dimen159
\@envbody=\toks21
\multlinegap=\skip52
\multlinetaggap=\skip53
\mathdisplay@stack=\toks22
LaTeX Info: Redefining \[ on input line 2923.
LaTeX Info: Redefining \] on input line 2924.
) (/usr/local/texlive/2021/texmf-dist/tex/latex/mathtools/mathtools.sty
Package: mathtools 2021/03/18 v1.25 mathematical typesetting tools
 (/usr/local/texlive/2021/texmf-dist/tex/latex/graphics/keyval.sty
Package: keyval 2014/10/28 v1.15 key=value parser (DPC)
\KV@toks@=\toks23
) (/usr/local/texlive/2021/texmf-dist/tex/latex/tools/calc.sty
Package: calc 2017/05/25 v4.3 Infix arithmetic (KKT,FJ)
\calc@Acount=\count268
\calc@Bcount=\count269
\calc@Adimen=\dimen160
\calc@Bdimen=\dimen161
\calc@Askip=\skip54
\calc@Bskip=\skip55
LaTeX Info: Redefining \setlength on input line 80.
LaTeX Info: Redefining \addtolength on input line 81.
\calc@Ccount=\count270
\calc@Cskip=\skip56
) (/usr/local/texlive/2021/texmf-dist/tex/latex/mathtools/mhsetup.sty
Package: mhsetup 2021/03/18 v1.4 programming setup (MH)
)
LaTeX Info: Thecontrolsequence`\('isalreadyrobust on input line 130.
LaTeX Info: Thecontrolsequence`\)'isalreadyrobust on input line 130.
LaTeX Info: Thecontrolsequence`\['isalreadyrobust on input line 130.
LaTeX Info: Thecontrolsequence`\]'isalreadyrobust on input line 130.
\g_MT_multlinerow_int=\count271
\l_MT_multwidth_dim=\dimen162
\origjot=\skip57
\l_MT_shortvdotswithinadjustabove_dim=\dimen163
\l_MT_shortvdotswithinadjustbelow_dim=\dimen164
\l_MT_above_intertext_sep=\dimen165
\l_MT_below_intertext_sep=\dimen166
\l_MT_above_shortintertext_sep=\dimen167
\l_MT_below_shortintertext_sep=\dimen168
\xmathstrut@box=\box51
\xmathstrut@dim=\dimen169
) (/usr/local/texlive/2021/texmf-dist/tex/latex/enumitem/enumitem.sty
Package: enumitem 2019/06/20 v3.9 Customized lists
\labelindent=\skip58
\enit@outerparindent=\dimen170
\enit@toks=\toks24
\enit@inbox=\box52
\enit@count@id=\count272
\enitdp@description=\count273
) (/usr/local/texlive/2021/texmf-dist/tex/latex/graphics/graphicx.sty
Package: graphicx 2020/09/09 v1.2b Enhanced LaTeX Graphics (DPC,SPQR)
 (/usr/local/texlive/2021/texmf-dist/tex/latex/graphics/graphics.sty
Package: graphics 2020/08/30 v1.4c Standard LaTeX Graphics (DPC,SPQR)
 (/usr/local/texlive/2021/texmf-dist/tex/latex/graphics/trig.sty
Package: trig 2016/01/03 v1.10 sin cos tan (DPC)
) (/usr/local/texlive/2021/texmf-dist/tex/latex/graphics-cfg/graphics.cfg
File: graphics.cfg 2016/06/04 v1.11 sample graphics configuration
)
Package graphics Info: Driver file: pdftex.def on input line 105.
 (/usr/local/texlive/2021/texmf-dist/tex/latex/graphics-def/pdftex.def
File: pdftex.def 2020/10/05 v1.2a Graphics/color driver for pdftex
))
\Gin@req@height=\dimen171
\Gin@req@width=\dimen172
) (/usr/local/texlive/2021/texmf-dist/tex/latex/algorithmicx/algpseudocode.sty
Package: algpseudocode 
 (/usr/local/texlive/2021/texmf-dist/tex/latex/base/ifthen.sty
Package: ifthen 2014/09/29 v1.1c Standard LaTeX ifthen package (DPC)
) (/usr/local/texlive/2021/texmf-dist/tex/latex/algorithmicx/algorithmicx.sty
Package: algorithmicx 2005/04/27 v1.2 Algorithmicx

Document Style algorithmicx 1.2 - a greatly improved `algorithmic' style
\c@ALG@line=\count274
\c@ALG@rem=\count275
\c@ALG@nested=\count276
\ALG@tlm=\skip59
\ALG@thistlm=\skip60
\c@ALG@Lnr=\count277
\c@ALG@blocknr=\count278
\c@ALG@storecount=\count279
\c@ALG@tmpcounter=\count280
\ALG@tmplength=\skip61
)
Document Style - pseudocode environments for use with the `algorithmicx' style
) (/usr/local/texlive/2021/texmf-dist/tex/latex/l3backend/l3backend-pdftex.def
File: l3backend-pdftex.def 2021-03-18 L3 backend support: PDF output (pdfTeX)
\l__color_backend_stack_int=\count281
\l__pdf_internal_box=\box53
) (/Users/mateusztofil/Documents/meta/Metaheuristic-1/l1/spr2.aux)
\openout1 = `spr2.aux'.

LaTeX Font Info:    Checking defaults for OML/cmm/m/it on input line 13.
LaTeX Font Info:    ... okay on input line 13.
LaTeX Font Info:    Checking defaults for OMS/cmsy/m/n on input line 13.
LaTeX Font Info:    ... okay on input line 13.
LaTeX Font Info:    Checking defaults for OT1/cmr/m/n on input line 13.
LaTeX Font Info:    ... okay on input line 13.
LaTeX Font Info:    Checking defaults for T1/cmr/m/n on input line 13.
LaTeX Font Info:    ... okay on input line 13.
LaTeX Font Info:    Checking defaults for TS1/cmr/m/n on input line 13.
LaTeX Font Info:    ... okay on input line 13.
LaTeX Font Info:    Checking defaults for OMX/cmex/m/n on input line 13.
LaTeX Font Info:    ... okay on input line 13.
LaTeX Font Info:    Checking defaults for U/cmr/m/n on input line 13.
LaTeX Font Info:    ... okay on input line 13.
 (/usr/local/texlive/2021/texmf-dist/tex/context/base/mkii/supp-pdf.mkii
[Loading MPS to PDF converter (version 2006.09.02).]
\scratchcounter=\count282
\scratchdimen=\dimen173
\scratchbox=\box54
\nofMPsegments=\count283
\nofMParguments=\count284
\everyMPshowfont=\toks25
\MPscratchCnt=\count285
\MPscratchDim=\dimen174
\MPnumerator=\count286
\makeMPintoPDFobject=\count287
\everyMPtoPDFconversion=\toks26
) (/usr/local/texlive/2021/texmf-dist/tex/latex/epstopdf-pkg/epstopdf-base.sty
Package: epstopdf-base 2020-01-24 v2.11 Base part for package epstopdf
Package epstopdf-base Info: Redefining graphics rule for `.eps' on input line 485.
 (/usr/local/texlive/2021/texmf-dist/tex/latex/latexconfig/epstopdf-sys.cfg
File: epstopdf-sys.cfg 2010/07/13 v1.3 Configuration of (r)epstopdf for TeX Live
))
LaTeX Font Info:    Trying to load font information for U+msa on input line 17.
 (/usr/local/texlive/2021/texmf-dist/tex/latex/amsfonts/umsa.fd
File: umsa.fd 2013/01/14 v3.01 AMS symbols A
)
LaTeX Font Info:    Trying to load font information for U+msb on input line 17.
 (/usr/local/texlive/2021/texmf-dist/tex/latex/amsfonts/umsb.fd
File: umsb.fd 2013/01/14 v3.01 AMS symbols B
) [1

{/usr/local/texlive/2021/texmf-var/fonts/map/pdftex/updmap/pdftex.map}]
<./spr2img/Figure_1.png, id=9, 462.528pt x 346.896pt>
File: ./spr2img/Figure_1.png Graphic file (type png)
<use ./spr2img/Figure_1.png>
Package pdftex.def Info: ./spr2img/Figure_1.png  used on input line 57.
(pdftex.def)             Requested size: 312.9803pt x 234.74811pt.
 [1]
<./spr2img/Figure_1_EUC2D.png, id=15, 462.528pt x 346.896pt>
File: ./spr2img/Figure_1_EUC2D.png Graphic file (type png)
<use ./spr2img/Figure_1_EUC2D.png>
Package pdftex.def Info: ./spr2img/Figure_1_EUC2D.png  used on input line 62.
(pdftex.def)             Requested size: 312.9803pt x 234.74811pt.
 [2 </Users/mateusztofil/Documents/meta/Metaheuristic-1/l1/./spr2img/Figure_1.png> </Users/mateusztofil/Documents/meta/Metaheuristic-1/l1/./spr2img/Figure_1_EUC2D.png>]
<./spr2img/Figure_5.png, id=25, 462.528pt x 346.896pt>
File: ./spr2img/Figure_5.png Graphic file (type png)
<use ./spr2img/Figure_5.png>
Package pdftex.def Info: ./spr2img/Figure_5.png  used on input line 78.
(pdftex.def)             Requested size: 312.9803pt x 234.74811pt.
<./spr2img/Figure_2_EUC2D.png, id=26, 462.528pt x 346.896pt>
File: ./spr2img/Figure_2_EUC2D.png Graphic file (type png)
<use ./spr2img/Figure_2_EUC2D.png>
Package pdftex.def Info: ./spr2img/Figure_2_EUC2D.png  used on input line 83.
(pdftex.def)             Requested size: 312.9803pt x 234.74811pt.
 [3 </Users/mateusztofil/Documents/meta/Metaheuristic-1/l1/./spr2img/Figure_5.png>]
<./spr2img/Figure_12.png, id=31, 462.528pt x 346.896pt>
File: ./spr2img/Figure_12.png Graphic file (type png)
<use ./spr2img/Figure_12.png>
Package pdftex.def Info: ./spr2img/Figure_12.png  used on input line 102.
(pdftex.def)             Requested size: 312.9803pt x 234.74811pt.
 [4 </Users/mateusztofil/Documents/meta/Metaheuristic-1/l1/./spr2img/Figure_2_EUC2D.png>]
<./spr2img/Figure_3_EUC2D.png, id=36, 462.528pt x 346.896pt>
File: ./spr2img/Figure_3_EUC2D.png Graphic file (type png)
<use ./spr2img/Figure_3_EUC2D.png>
Package pdftex.def Info: ./spr2img/Figure_3_EUC2D.png  used on input line 106.
(pdftex.def)             Requested size: 312.9803pt x 234.74811pt.
 [5 </Users/mateusztofil/Documents/meta/Metaheuristic-1/l1/./spr2img/Figure_12.png> </Users/mateusztofil/Documents/meta/Metaheuristic-1/l1/./spr2img/Figure_3_EUC2D.png>]
<./spr2img/Figure_9.png, id=42, 462.528pt x 346.896pt>
File: ./spr2img/Figure_9.png Graphic file (type png)
<use ./spr2img/Figure_9.png>
Package pdftex.def Info: ./spr2img/Figure_9.png  used on input line 137.
(pdftex.def)             Requested size: 312.9803pt x 234.74811pt.
 [6 </Users/mateusztofil/Documents/meta/Metaheuristic-1/l1/./spr2img/Figure_9.png>]
<./spr2img/Figure_7.png, id=49, 462.528pt x 346.896pt>
File: ./spr2img/Figure_7.png Graphic file (type png)
<use ./spr2img/Figure_7.png>
Package pdftex.def Info: ./spr2img/Figure_7.png  used on input line 150.
(pdftex.def)             Requested size: 312.9803pt x 234.74811pt.
<./spr2img/Figure_8.png, id=50, 462.528pt x 346.896pt>
File: ./spr2img/Figure_8.png Graphic file (type png)
<use ./spr2img/Figure_8.png>
Package pdftex.def Info: ./spr2img/Figure_8.png  used on input line 160.
(pdftex.def)             Requested size: 312.9803pt x 234.74811pt.
 [7 </Users/mateusztofil/Documents/meta/Metaheuristic-1/l1/./spr2img/Figure_7.png>]
<./spr2img/Figure_10.png, id=55, 462.528pt x 346.896pt>
File: ./spr2img/Figure_10.png Graphic file (type png)
<use ./spr2img/Figure_10.png>
Package pdftex.def Info: ./spr2img/Figure_10.png  used on input line 167.
(pdftex.def)             Requested size: 312.9803pt x 234.74811pt.
 [8 </Users/mateusztofil/Documents/meta/Metaheuristic-1/l1/./spr2img/Figure_8.png> </Users/mateusztofil/Documents/meta/Metaheuristic-1/l1/./spr2img/Figure_10.png>]
<./spr2img/Figure_11.png, id=61, 462.528pt x 346.896pt>
File: ./spr2img/Figure_11.png Graphic file (type png)
<use ./spr2img/Figure_11.png>
Package pdftex.def Info: ./spr2img/Figure_11.png  used on input line 186.
(pdftex.def)             Requested size: 312.9803pt x 234.74811pt.
<./spr2img/Figure_100.png, id=62, 462.528pt x 346.896pt>
File: ./spr2img/Figure_100.png Graphic file (type png)
<use ./spr2img/Figure_100.png>
Package pdftex.def Info: ./spr2img/Figure_100.png  used on input line 190.
(pdftex.def)             Requested size: 312.9803pt x 234.74811pt.
 [9 </Users/mateusztofil/Documents/meta/Metaheuristic-1/l1/./spr2img/Figure_11.png>] [10 </Users/mateusztofil/Documents/meta/Metaheuristic-1/l1/./spr2img/Figure_100.png>] (/Users/mateusztofil/Documents/meta/Metaheuristic-1/l1/spr2.aux) ) 
Here is how much of TeX's memory you used:
 4559 strings out of 478994
 66378 string characters out of 5858185
 380032 words of memory out of 5000000
 21983 multiletter control sequences out of 15000+600000
 415843 words of font info for 65 fonts, out of 8000000 for 9000
 1141 hyphenation exceptions out of 8191
 68i,6n,74p,304b,241s stack positions out of 5000i,500n,10000p,200000b,80000s
{/usr/local/texlive/2021/texmf-dist/fonts/enc/dvips/cm-super/cm-super-t1.enc}</usr/local/texlive/2021/texmf-dist/fonts/type1/public/amsfonts/cm/cmmi10.pfb></usr/local/texlive/2021/texmf-dist/fonts/type1/public/amsfonts/cm/cmmi12.pfb></usr/local/texlive/2021/texmf-dist/fonts/type1/public/amsfonts/cm/cmr10.pfb></usr/local/texlive/2021/texmf-dist/fonts/type1/public/amsfonts/cm/cmr7.pfb></usr/local/texlive/2021/texmf-dist/fonts/type1/public/amsfonts/cm/cmsy10.pfb></usr/local/texlive/2021/texmf-dist/fonts/type1/public/cm-super/sfbx1440.pfb></usr/local/texlive/2021/texmf-dist/fonts/type1/public/cm-super/sfrm1000.pfb></usr/local/texlive/2021/texmf-dist/fonts/type1/public/cm-super/sfrm1200.pfb></usr/local/texlive/2021/texmf-dist/fonts/type1/public/cm-super/sfrm1728.pfb></usr/local/texlive/2021/texmf-dist/fonts/type1/public/cm-super/sfti1000.pfb>
Output written on /Users/mateusztofil/Documents/meta/Metaheuristic-1/l1/spr2.pdf (11 pages, 556473 bytes).
PDF statistics:
 106 PDF objects out of 1000 (max. 8388607)
 58 compressed objects within 1 object stream
 0 named destinations out of 1000 (max. 500000)
 61 words of extra memory for PDF output out of 10000 (max. 10000000)

